<?xml version="1.0" encoding="UTF-8"?>
<coverage generated="1542555769945" clover="3.2.0">
  <project timestamp="1542555769945" name="All files">
    <metrics statements="15" coveredstatements="15" conditionals="1" coveredconditionals="1" methods="31" coveredmethods="31" elements="47" coveredelements="47" complexity="0" loc="15" ncloc="15" packages="2" files="2" classes="2">
      <package name="adapter">
        <metrics statements="13" coveredstatements="13" conditionals="0" coveredconditionals="0" methods="30" coveredmethods="30"/>
        <file name="adapter.js" path="/Users/longcha/Documents/snippets/pages/adapter/adapter.js">
          <metrics statements="13" coveredstatements="13" conditionals="0" coveredconditionals="0" methods="30" coveredmethods="30"/>
          <line num="8" count="3" type="stmt"/>
          <line num="14" count="2" type="stmt"/>
          <line num="20" count="1" type="stmt"/>
          <line num="26" count="1" type="stmt"/>
          <line num="32" count="2" type="stmt"/>
          <line num="38" count="2" type="stmt"/>
          <line num="44" count="4" type="stmt"/>
          <line num="50" count="2" type="stmt"/>
          <line num="56" count="1" type="stmt"/>
          <line num="62" count="3" type="stmt"/>
          <line num="68" count="1" type="stmt"/>
          <line num="74" count="3" type="stmt"/>
          <line num="77" count="1" type="stmt"/>
        </file>
      </package>
      <package name="array">
        <metrics statements="2" coveredstatements="2" conditionals="1" coveredconditionals="1" methods="1" coveredmethods="1"/>
        <file name="array.js" path="/Users/longcha/Documents/snippets/pages/array/array.js">
          <metrics statements="2" coveredstatements="2" conditionals="1" coveredconditionals="1" methods="1" coveredmethods="1"/>
          <line num="8" count="2" type="cond" truecount="1" falsecount="0"/>
          <line num="11" count="1" type="stmt"/>
        </file>
      </package>
    </metrics>
  </project>
</coverage>
