{"/Users/longcha/Documents/snippets/pages/adapter/adapter.js": {"path":"/Users/longcha/Documents/snippets/pages/adapter/adapter.js","statementMap":{"0":{"start":{"line":8,"column":19},"end":{"line":8,"column":55}},"1":{"start":{"line":8,"column":32},"end":{"line":8,"column":55}},"2":{"start":{"line":14,"column":27},"end":{"line":14,"column":59}},"3":{"start":{"line":14,"column":38},"end":{"line":14,"column":59}},"4":{"start":{"line":20,"column":24},"end":{"line":20,"column":47}},"5":{"start":{"line":20,"column":37},"end":{"line":20,"column":47}},"6":{"start":{"line":26,"column":15},"end":{"line":26,"column":53}},"7":{"start":{"line":26,"column":35},"end":{"line":26,"column":53}},"8":{"start":{"line":32,"column":22},"end":{"line":32,"column":66}},"9":{"start":{"line":32,"column":37},"end":{"line":32,"column":66}},"10":{"start":{"line":32,"column":52},"end":{"line":32,"column":65}},"11":{"start":{"line":38,"column":32},"end":{"line":38,"column":87}},"12":{"start":{"line":38,"column":45},"end":{"line":38,"column":87}},"13":{"start":{"line":38,"column":70},"end":{"line":38,"column":85}},"14":{"start":{"line":44,"column":35},"end":{"line":44,"column":95}},"15":{"start":{"line":44,"column":42},"end":{"line":44,"column":95}},"16":{"start":{"line":44,"column":63},"end":{"line":44,"column":72}},"17":{"start":{"line":50,"column":30},"end":{"line":50,"column":92}},"18":{"start":{"line":50,"column":43},"end":{"line":50,"column":92}},"19":{"start":{"line":50,"column":64},"end":{"line":50,"column":82}},"20":{"start":{"line":56,"column":20},"end":{"line":56,"column":75}},"21":{"start":{"line":56,"column":31},"end":{"line":56,"column":75}},"22":{"start":{"line":56,"column":54},"end":{"line":56,"column":74}},"23":{"start":{"line":62,"column":27},"end":{"line":62,"column":72}},"24":{"start":{"line":62,"column":40},"end":{"line":62,"column":72}},"25":{"start":{"line":62,"column":63},"end":{"line":62,"column":70}},"26":{"start":{"line":68,"column":21},"end":{"line":68,"column":47}},"27":{"start":{"line":68,"column":28},"end":{"line":68,"column":47}},"28":{"start":{"line":74,"column":16},"end":{"line":74,"column":40}},"29":{"start":{"line":74,"column":29},"end":{"line":74,"column":40}},"30":{"start":{"line":77,"column":16},"end":{"line":77,"column":29}}},"fnMap":{"0":{"name":"(anonymous_0)","decl":{"start":{"line":8,"column":8},"end":{"line":8,"column":9}},"loc":{"start":{"line":8,"column":19},"end":{"line":8,"column":55}},"line":8},"1":{"name":"(anonymous_1)","decl":{"start":{"line":8,"column":19},"end":{"line":8,"column":20}},"loc":{"start":{"line":8,"column":32},"end":{"line":8,"column":55}},"line":8},"2":{"name":"(anonymous_2)","decl":{"start":{"line":14,"column":9},"end":{"line":14,"column":10}},"loc":{"start":{"line":14,"column":27},"end":{"line":14,"column":59}},"line":14},"3":{"name":"(anonymous_3)","decl":{"start":{"line":14,"column":27},"end":{"line":14,"column":28}},"loc":{"start":{"line":14,"column":38},"end":{"line":14,"column":59}},"line":14},"4":{"name":"(anonymous_4)","decl":{"start":{"line":20,"column":16},"end":{"line":20,"column":17}},"loc":{"start":{"line":20,"column":24},"end":{"line":20,"column":47}},"line":20},"5":{"name":"(anonymous_5)","decl":{"start":{"line":20,"column":24},"end":{"line":20,"column":25}},"loc":{"start":{"line":20,"column":37},"end":{"line":20,"column":47}},"line":20},"6":{"name":"(anonymous_6)","decl":{"start":{"line":26,"column":9},"end":{"line":26,"column":10}},"loc":{"start":{"line":26,"column":15},"end":{"line":26,"column":53}},"line":26},"7":{"name":"(anonymous_7)","decl":{"start":{"line":26,"column":15},"end":{"line":26,"column":16}},"loc":{"start":{"line":26,"column":35},"end":{"line":26,"column":53}},"line":26},"8":{"name":"(anonymous_8)","decl":{"start":{"line":32,"column":9},"end":{"line":32,"column":10}},"loc":{"start":{"line":32,"column":22},"end":{"line":32,"column":66}},"line":32},"9":{"name":"(anonymous_9)","decl":{"start":{"line":32,"column":22},"end":{"line":32,"column":23}},"loc":{"start":{"line":32,"column":37},"end":{"line":32,"column":66}},"line":32},"10":{"name":"(anonymous_10)","decl":{"start":{"line":32,"column":46},"end":{"line":32,"column":47}},"loc":{"start":{"line":32,"column":52},"end":{"line":32,"column":65}},"line":32},"11":{"name":"(anonymous_11)","decl":{"start":{"line":38,"column":13},"end":{"line":38,"column":14}},"loc":{"start":{"line":38,"column":32},"end":{"line":38,"column":87}},"line":38},"12":{"name":"(anonymous_12)","decl":{"start":{"line":38,"column":32},"end":{"line":38,"column":33}},"loc":{"start":{"line":38,"column":45},"end":{"line":38,"column":87}},"line":38},"13":{"name":"(anonymous_13)","decl":{"start":{"line":38,"column":60},"end":{"line":38,"column":61}},"loc":{"start":{"line":38,"column":70},"end":{"line":38,"column":85}},"line":38},"14":{"name":"(anonymous_14)","decl":{"start":{"line":44,"column":23},"end":{"line":44,"column":24}},"loc":{"start":{"line":44,"column":35},"end":{"line":44,"column":95}},"line":44},"15":{"name":"(anonymous_15)","decl":{"start":{"line":44,"column":35},"end":{"line":44,"column":36}},"loc":{"start":{"line":44,"column":42},"end":{"line":44,"column":95}},"line":44},"16":{"name":"(anonymous_16)","decl":{"start":{"line":44,"column":53},"end":{"line":44,"column":54}},"loc":{"start":{"line":44,"column":63},"end":{"line":44,"column":72}},"line":44},"17":{"name":"(anonymous_17)","decl":{"start":{"line":50,"column":18},"end":{"line":50,"column":19}},"loc":{"start":{"line":50,"column":30},"end":{"line":50,"column":92}},"line":50},"18":{"name":"(anonymous_18)","decl":{"start":{"line":50,"column":30},"end":{"line":50,"column":31}},"loc":{"start":{"line":50,"column":43},"end":{"line":50,"column":92}},"line":50},"19":{"name":"(anonymous_19)","decl":{"start":{"line":50,"column":54},"end":{"line":50,"column":55}},"loc":{"start":{"line":50,"column":64},"end":{"line":50,"column":82}},"line":50},"20":{"name":"(anonymous_20)","decl":{"start":{"line":56,"column":14},"end":{"line":56,"column":15}},"loc":{"start":{"line":56,"column":20},"end":{"line":56,"column":75}},"line":56},"21":{"name":"(anonymous_21)","decl":{"start":{"line":56,"column":20},"end":{"line":56,"column":21}},"loc":{"start":{"line":56,"column":31},"end":{"line":56,"column":75}},"line":56},"22":{"name":"(anonymous_22)","decl":{"start":{"line":56,"column":43},"end":{"line":56,"column":44}},"loc":{"start":{"line":56,"column":54},"end":{"line":56,"column":74}},"line":56},"23":{"name":"(anonymous_23)","decl":{"start":{"line":62,"column":10},"end":{"line":62,"column":11}},"loc":{"start":{"line":62,"column":27},"end":{"line":62,"column":72}},"line":62},"24":{"name":"(anonymous_24)","decl":{"start":{"line":62,"column":27},"end":{"line":62,"column":28}},"loc":{"start":{"line":62,"column":40},"end":{"line":62,"column":72}},"line":62},"25":{"name":"(anonymous_25)","decl":{"start":{"line":62,"column":58},"end":{"line":62,"column":59}},"loc":{"start":{"line":62,"column":63},"end":{"line":62,"column":70}},"line":62},"26":{"name":"(anonymous_26)","decl":{"start":{"line":68,"column":15},"end":{"line":68,"column":16}},"loc":{"start":{"line":68,"column":21},"end":{"line":68,"column":47}},"line":68},"27":{"name":"(anonymous_27)","decl":{"start":{"line":68,"column":21},"end":{"line":68,"column":22}},"loc":{"start":{"line":68,"column":28},"end":{"line":68,"column":47}},"line":68},"28":{"name":"(anonymous_28)","decl":{"start":{"line":74,"column":10},"end":{"line":74,"column":11}},"loc":{"start":{"line":74,"column":16},"end":{"line":74,"column":40}},"line":74},"29":{"name":"(anonymous_29)","decl":{"start":{"line":74,"column":16},"end":{"line":74,"column":17}},"loc":{"start":{"line":74,"column":29},"end":{"line":74,"column":40}},"line":74}},"branchMap":{},"s":{"0":1,"1":3,"2":2,"3":2,"4":1,"5":1,"6":1,"7":1,"8":1,"9":1,"10":2,"11":1,"12":1,"13":2,"14":1,"15":1,"16":4,"17":1,"18":1,"19":2,"20":1,"21":1,"22":1,"23":1,"24":1,"25":3,"26":1,"27":1,"28":1,"29":3,"30":1},"f":{"0":1,"1":3,"2":2,"3":2,"4":1,"5":1,"6":1,"7":1,"8":1,"9":1,"10":2,"11":1,"12":1,"13":2,"14":1,"15":1,"16":4,"17":1,"18":1,"19":2,"20":1,"21":1,"22":1,"23":1,"24":1,"25":3,"26":1,"27":1,"28":1,"29":3},"b":{},"_coverageSchema":"332fd63041d2c1bcb487cc26dd0d5f7d97098a6c","hash":"490d6e9db3d43d91c988bd79c741c43e235f642e"}
}
