TN:
SF:/Users/longcha/Documents/snippets/pages/adapter/adapter.js
FN:8,(anonymous_0)
FN:8,(anonymous_1)
FN:14,(anonymous_2)
FN:14,(anonymous_3)
FN:20,(anonymous_4)
FN:20,(anonymous_5)
FN:26,(anonymous_6)
FN:26,(anonymous_7)
FN:32,(anonymous_8)
FN:32,(anonymous_9)
FN:32,(anonymous_10)
FN:38,(anonymous_11)
FN:38,(anonymous_12)
FN:38,(anonymous_13)
FN:44,(anonymous_14)
FN:44,(anonymous_15)
FN:44,(anonymous_16)
FN:50,(anonymous_17)
FN:50,(anonymous_18)
FN:50,(anonymous_19)
FN:56,(anonymous_20)
FN:56,(anonymous_21)
FN:56,(anonymous_22)
FN:62,(anonymous_23)
FN:62,(anonymous_24)
FN:62,(anonymous_25)
FN:68,(anonymous_26)
FN:68,(anonymous_27)
FN:74,(anonymous_28)
FN:74,(anonymous_29)
FNF:30
FNH:30
FNDA:1,(anonymous_0)
FNDA:3,(anonymous_1)
FNDA:2,(anonymous_2)
FNDA:2,(anonymous_3)
FNDA:1,(anonymous_4)
FNDA:1,(anonymous_5)
FNDA:1,(anonymous_6)
FNDA:1,(anonymous_7)
FNDA:1,(anonymous_8)
FNDA:1,(anonymous_9)
FNDA:2,(anonymous_10)
FNDA:1,(anonymous_11)
FNDA:1,(anonymous_12)
FNDA:2,(anonymous_13)
FNDA:1,(anonymous_14)
FNDA:1,(anonymous_15)
FNDA:4,(anonymous_16)
FNDA:1,(anonymous_17)
FNDA:1,(anonymous_18)
FNDA:2,(anonymous_19)
FNDA:1,(anonymous_20)
FNDA:1,(anonymous_21)
FNDA:1,(anonymous_22)
FNDA:1,(anonymous_23)
FNDA:1,(anonymous_24)
FNDA:3,(anonymous_25)
FNDA:1,(anonymous_26)
FNDA:1,(anonymous_27)
FNDA:1,(anonymous_28)
FNDA:3,(anonymous_29)
DA:8,3
DA:14,2
DA:20,1
DA:26,1
DA:32,2
DA:38,2
DA:44,4
DA:50,2
DA:56,1
DA:62,3
DA:68,1
DA:74,3
DA:77,1
LF:13
LH:13
BRF:0
BRH:0
end_of_record
TN:
SF:/Users/longcha/Documents/snippets/pages/array/array.js
FN:8,(anonymous_0)
FNF:1
FNH:1
FNDA:2,(anonymous_0)
DA:8,2
DA:11,1
LF:2
LH:2
BRDA:8,0,0,1
BRF:1
BRH:1
end_of_record
