TN:
SF:/Users/longcha/Documents/snippets/pages/adapter/adapter.js
FN:8,(anonymous_0)
FN:8,(anonymous_1)
FN:14,(anonymous_2)
FN:14,(anonymous_3)
FN:20,(anonymous_4)
FN:20,(anonymous_5)
FN:26,(anonymous_6)
FN:26,(anonymous_7)
FN:32,(anonymous_8)
FN:32,(anonymous_9)
FN:32,(anonymous_10)
FN:38,(anonymous_11)
FN:38,(anonymous_12)
FN:38,(anonymous_13)
FNF:14
FNH:14
FNDA:1,(anonymous_0)
FNDA:3,(anonymous_1)
FNDA:2,(anonymous_2)
FNDA:2,(anonymous_3)
FNDA:1,(anonymous_4)
FNDA:1,(anonymous_5)
FNDA:1,(anonymous_6)
FNDA:1,(anonymous_7)
FNDA:1,(anonymous_8)
FNDA:1,(anonymous_9)
FNDA:2,(anonymous_10)
FNDA:1,(anonymous_11)
FNDA:1,(anonymous_12)
FNDA:2,(anonymous_13)
DA:8,3
DA:14,2
DA:20,1
DA:26,1
DA:32,2
DA:38,2
DA:42,1
LF:7
LH:7
BRF:0
BRH:0
end_of_record
